c:\users\lena\documents\visual studio 2015\projects\a_djustment_webo\a_djustment_webo\x64\release\vc140.pdb
c:\users\lena\documents\visual studio 2015\projects\a_djustment_webo\a_djustment_webo\x64\release\xy_mirror.obj
c:\users\lena\documents\visual studio 2015\projects\a_djustment_webo\a_djustment_webo\x64\release\ueyesteal.obj
c:\users\lena\documents\visual studio 2015\projects\a_djustment_webo\a_djustment_webo\x64\release\pid.obj
c:\users\lena\documents\visual studio 2015\projects\a_djustment_webo\a_djustment_webo\x64\release\motor.obj
c:\users\lena\documents\visual studio 2015\projects\a_djustment_webo\a_djustment_webo\x64\release\maintest.obj
c:\users\lena\documents\visual studio 2015\projects\a_djustment_webo\a_djustment_webo\x64\release\centerlb.obj
c:\users\lena\documents\visual studio 2015\projects\a_djustment_webo\x64\release\a_djustment_webo.exe
c:\users\lena\documents\visual studio 2015\projects\a_djustment_webo\x64\release\a_djustment_webo.ipdb
c:\users\lena\documents\visual studio 2015\projects\a_djustment_webo\x64\release\a_djustment_webo.iobj
c:\users\lena\documents\visual studio 2015\projects\a_djustment_webo\x64\release\a_djustment_webo.pdb
c:\users\lena\documents\visual studio 2015\projects\a_djustment_webo\a_djustment_webo\x64\release\centerlb.nativecodeanalysis.xml
c:\users\lena\documents\visual studio 2015\projects\a_djustment_webo\a_djustment_webo\x64\release\motor.nativecodeanalysis.xml
c:\users\lena\documents\visual studio 2015\projects\a_djustment_webo\a_djustment_webo\x64\release\pid.nativecodeanalysis.xml
c:\users\lena\documents\visual studio 2015\projects\a_djustment_webo\a_djustment_webo\x64\release\ueyesteal.nativecodeanalysis.xml
c:\users\lena\documents\visual studio 2015\projects\a_djustment_webo\a_djustment_webo\x64\release\xy_mirror.nativecodeanalysis.xml
c:\users\lena\documents\visual studio 2015\projects\a_djustment_webo\a_djustment_webo\x64\release\a_djustment_webo.tlog\cl.command.1.tlog
c:\users\lena\documents\visual studio 2015\projects\a_djustment_webo\a_djustment_webo\x64\release\a_djustment_webo.tlog\cl.read.1.tlog
c:\users\lena\documents\visual studio 2015\projects\a_djustment_webo\a_djustment_webo\x64\release\a_djustment_webo.tlog\cl.write.1.tlog
c:\users\lena\documents\visual studio 2015\projects\a_djustment_webo\a_djustment_webo\x64\release\a_djustment_webo.tlog\link.command.1.tlog
c:\users\lena\documents\visual studio 2015\projects\a_djustment_webo\a_djustment_webo\x64\release\a_djustment_webo.tlog\link.read.1.tlog
c:\users\lena\documents\visual studio 2015\projects\a_djustment_webo\a_djustment_webo\x64\release\a_djustment_webo.tlog\link.write.1.tlog
